Ex1 (OOP) Simulator log: stage B2.json,  resultsB2Calls_a.csv
0.0,OOP_Ex1_Elevator_Simulator
0.0,Simulated Building, Building [-2,10]
0) ex1.Elevator_A, Elev_, id,0,  speed, 1.0, open: 2.0,  start: 3.0, close: 2.0,  stop: 3.0
1) ex1.Elevator_A, Elev_, id,1,  speed, 2.0, open: 2.0,  start: 3.0, close: 2.0,  stop: 3.0

0.0,Simulated Period starTime,0.0,  endTime,1104.1840186,  dt,1.0
0.0,Simulated  calls,Elevator log, size: 100
0.0,**** Simulation starts!! ****
5.0,Elevator call,4.37472729,0,-1,1,1, got allocated to elevator, 1
5.0,Elev,1,  arrived at src, 0, Elevator call,4.37472729,0,-1,2,1
5.0, elevID,1,  pos,0,  cmd, goto,-1
16.0,Elev,1,  arrived at dest, -1, this call is done!, Elevator call,4.37472729,0,-1,3,1, Done, dt, 11.62527271
17.0,Elevator call,16.95788289,-1,0,1,0, got allocated to elevator, 0
17.0, elevID,0,  pos,0,  cmd, goto,-1
23.0,Elevator call,22.0940563,0,-1,1,1, got allocated to elevator, 1
23.0, elevID,1,  pos,-1,  cmd, goto,0
28.0,Elev,0,  arrived at src, -1, Elevator call,16.95788289,-1,0,2,0
28.0, elevID,0,  pos,-1,  cmd, goto,0
34.0,Elev,1,  arrived at src, 0, Elevator call,22.0940563,0,-1,2,1
34.0, elevID,1,  pos,0,  cmd, goto,-1
39.0,Elev,0,  arrived at dest, 0, this call is done!, Elevator call,16.95788289,-1,0,3,0, Done, dt, 22.04211711
45.0,Elev,1,  arrived at dest, -1, this call is done!, Elevator call,22.0940563,0,-1,3,1, Done, dt, 22.9059437
86.0,Elevator call,85.52096662,3,2,1,1, got allocated to elevator, 1
86.0, elevID,1,  pos,-1,  cmd, goto,3
92.0,Elevator call,91.21019413,-1,-2,1,0, got allocated to elevator, 0
92.0, elevID,0,  pos,0,  cmd, goto,-1
98.0,Elev,1,  arrived at src, 3, Elevator call,85.52096662,3,2,2,1
98.0, elevID,1,  pos,3,  cmd, goto,2
103.0,Elev,0,  arrived at src, -1, Elevator call,91.21019413,-1,-2,2,0
103.0, elevID,0,  pos,-1,  cmd, goto,-2
105.0,Elevator call,104.1370124,0,4,1,1, got allocated to elevator, 1
109.0,Elev,1,  arrived at dest, 2, this call is done!, Elevator call,85.52096662,3,2,3,1, Done, dt, 23.479033380000004
109.0, elevID,1,  pos,2,  cmd, goto,0
110.0,Elevator call,109.2135291,-1,0,1,0, got allocated to elevator, 0
114.0,Elev,0,  arrived at dest, -2, this call is done!, Elevator call,91.21019413,-1,-2,3,0, Done, dt, 22.789805869999995
114.0, elevID,0,  pos,-2,  cmd, goto,-1
115.0,Elevator call,114.392351,3,0,1,1, got allocated to elevator, 1
120.0,Elev,1,  arrived at src, 0, Elevator call,104.1370124,0,4,2,1
120.0, elevID,1,  pos,0,  cmd, goto,3
125.0,Elevator call,124.425571,0,9,1,0, got allocated to elevator, 0
125.0,Elev,0,  arrived at src, -1, Elevator call,109.2135291,-1,0,2,0
125.0, elevID,0,  pos,-1,  cmd, goto,0
131.0,Elevator call,130.0249568,8,10,1,1, got allocated to elevator, 1
131.0,Elevator call,130.2249113,-1,1,1,1, got allocated to elevator, 1
132.0,Elev,1,  arrived at src, 3, Elevator call,114.392351,3,0,2,1
132.0, elevID,1,  pos,3,  cmd, goto,4
136.0,Elev,0,  arrived at dest, 0, this call is done!, Elevator call,109.2135291,-1,0,3,0, Done, dt, 26.786470899999998
136.0,Elev,0,  arrived at src, 0, Elevator call,124.425571,0,9,2,0
136.0, elevID,0,  pos,0,  cmd, goto,9
138.0,Elevator call,137.9515274,0,4,1,0, got allocated to elevator, 0
138.0, elevID,0,  pos,0,  cmd, stop,0
143.0,Elev,1,  arrived at dest, 4, this call is done!, Elevator call,104.1370124,0,4,3,1, Done, dt, 38.8629876
143.0, elevID,1,  pos,4,  cmd, goto,8
144.0,Elevator call,143.9133584,0,6,1,0, got allocated to elevator, 0
146.0,Elev,0,  arrived at src, 0, Elevator call,137.9515274,0,4,2,0
146.0,Elev,0,  arrived at src, 0, Elevator call,143.9133584,0,6,2,0
146.0, elevID,0,  pos,0,  cmd, goto,4
155.0,Elev,1,  arrived at src, 8, Elevator call,130.0249568,8,10,2,1
155.0, elevID,1,  pos,8,  cmd, goto,10
160.0,Elev,0,  arrived at dest, 4, this call is done!, Elevator call,137.9515274,0,4,3,0, Done, dt, 22.048472599999997
160.0, elevID,0,  pos,4,  cmd, goto,6
166.0,Elev,1,  arrived at dest, 10, this call is done!, Elevator call,130.0249568,8,10,3,1, Done, dt, 35.97504319999999
166.0, elevID,1,  pos,10,  cmd, goto,0
170.0,Elevator call,169.7845834,-1,0,1,1, got allocated to elevator, 1
171.0,Elevator call,170.0099621,0,6,1,0, got allocated to elevator, 0
172.0,Elevator call,171.2117332,-1,8,1,1, got allocated to elevator, 1
172.0,Elev,0,  arrived at dest, 6, this call is done!, Elevator call,143.9133584,0,6,3,0, Done, dt, 28.086641600000007
172.0, elevID,0,  pos,6,  cmd, goto,9
175.0,Elevator call,174.8438515,0,-1,1,0, got allocated to elevator, 0
181.0,Elev,1,  arrived at dest, 0, this call is done!, Elevator call,114.392351,3,0,3,1, Done, dt, 66.607649
181.0, elevID,1,  pos,0,  cmd, goto,-1
185.0,Elev,0,  arrived at dest, 9, this call is done!, Elevator call,124.425571,0,9,3,0, Done, dt, 60.574428999999995
185.0, elevID,0,  pos,9,  cmd, goto,0
188.0,Elevator call,187.1167862,-1,-2,1,0, got allocated to elevator, 0
188.0,Elevator call,187.7299318,-1,-2,1,0, got allocated to elevator, 0
192.0,Elev,1,  arrived at src, -1, Elevator call,130.2249113,-1,1,2,1
192.0,Elev,1,  arrived at src, -1, Elevator call,169.7845834,-1,0,2,1
192.0,Elev,1,  arrived at src, -1, Elevator call,171.2117332,-1,8,2,1
192.0, elevID,1,  pos,-1,  cmd, goto,0
196.0,Elevator call,195.9086965,0,7,1,1, got allocated to elevator, 1
198.0,Elevator call,197.5359191,-1,1,1,1, got allocated to elevator, 1
203.0,Elev,1,  arrived at dest, 0, this call is done!, Elevator call,169.7845834,-1,0,3,1, Done, dt, 33.2154166
203.0,Elev,1,  arrived at src, 0, Elevator call,195.9086965,0,7,2,1
203.0, elevID,1,  pos,0,  cmd, goto,1
204.0,Elev,0,  arrived at src, 0, Elevator call,170.0099621,0,6,2,0
204.0,Elev,0,  arrived at src, 0, Elevator call,174.8438515,0,-1,2,0
204.0, elevID,0,  pos,0,  cmd, goto,-1
206.0,Elevator call,205.9895199,-1,0,1,1, got allocated to elevator, 1
214.0,Elev,1,  arrived at dest, 1, this call is done!, Elevator call,130.2249113,-1,1,3,1, Done, dt, 83.7750887
214.0, elevID,1,  pos,1,  cmd, goto,7
215.0,Elev,0,  arrived at dest, -1, this call is done!, Elevator call,174.8438515,0,-1,3,0, Done, dt, 40.1561485
215.0,Elev,0,  arrived at src, -1, Elevator call,187.1167862,-1,-2,2,0
215.0,Elev,0,  arrived at src, -1, Elevator call,187.7299318,-1,-2,2,0
215.0, elevID,0,  pos,-1,  cmd, goto,-2
226.0,Elev,0,  arrived at dest, -2, this call is done!, Elevator call,187.1167862,-1,-2,3,0, Done, dt, 38.88321379999999
226.0,Elev,0,  arrived at dest, -2, this call is done!, Elevator call,187.7299318,-1,-2,3,0, Done, dt, 38.2700682
226.0, elevID,0,  pos,-2,  cmd, goto,6
227.0,Elev,1,  arrived at dest, 7, this call is done!, Elevator call,195.9086965,0,7,3,1, Done, dt, 31.09130350000001
227.0, elevID,1,  pos,7,  cmd, goto,8
228.0,Elevator call,227.0798305,-1,5,1,1, got allocated to elevator, 1
232.0,Elevator call,231.5157882,-1,0,1,0, got allocated to elevator, 0
232.0, elevID,0,  pos,-1,  cmd, stop,-1
233.0,Elevator call,232.9504362,0,-1,1,0, got allocated to elevator, 0
237.0,Elev,0,  arrived at src, -1, Elevator call,231.5157882,-1,0,2,0
237.0, elevID,0,  pos,-1,  cmd, goto,0
238.0,Elev,1,  arrived at dest, 8, this call is done!, Elevator call,171.2117332,-1,8,3,1, Done, dt, 66.7882668
238.0, elevID,1,  pos,8,  cmd, goto,-1
248.0,Elev,0,  arrived at dest, 0, this call is done!, Elevator call,231.5157882,-1,0,3,0, Done, dt, 16.484211799999997
248.0,Elev,0,  arrived at src, 0, Elevator call,232.9504362,0,-1,2,0
248.0, elevID,0,  pos,0,  cmd, goto,6
252.0,Elevator call,251.1044469,-1,-2,1,0, got allocated to elevator, 0
252.0,Elevator call,251.2359335,0,9,1,1, got allocated to elevator, 1
253.0,Elev,1,  arrived at src, -1, Elevator call,197.5359191,-1,1,2,1
253.0,Elev,1,  arrived at src, -1, Elevator call,205.9895199,-1,0,2,1
253.0,Elev,1,  arrived at src, -1, Elevator call,227.0798305,-1,5,2,1
253.0, elevID,1,  pos,-1,  cmd, goto,0
255.0,Elevator call,254.6977153,3,4,1,1, got allocated to elevator, 1
258.0,Elevator call,257.7974435,-1,0,1,0, got allocated to elevator, 0
264.0,Elev,0,  arrived at dest, 6, this call is done!, Elevator call,170.0099621,0,6,3,0, Done, dt, 93.9900379
264.0, elevID,0,  pos,6,  cmd, goto,-1
264.0,Elev,1,  arrived at dest, 0, this call is done!, Elevator call,205.9895199,-1,0,3,1, Done, dt, 58.010480099999995
264.0,Elev,1,  arrived at src, 0, Elevator call,251.2359335,0,9,2,1
264.0, elevID,1,  pos,0,  cmd, goto,1
275.0,Elev,1,  arrived at dest, 1, this call is done!, Elevator call,197.5359191,-1,1,3,1, Done, dt, 77.4640809
275.0, elevID,1,  pos,1,  cmd, goto,3
281.0,Elev,0,  arrived at dest, -1, this call is done!, Elevator call,232.9504362,0,-1,3,0, Done, dt, 48.04956379999999
281.0,Elev,0,  arrived at src, -1, Elevator call,251.1044469,-1,-2,2,0
281.0,Elev,0,  arrived at src, -1, Elevator call,257.7974435,-1,0,2,0
281.0, elevID,0,  pos,-1,  cmd, goto,-2
286.0,Elev,1,  arrived at src, 3, Elevator call,254.6977153,3,4,2,1
286.0, elevID,1,  pos,3,  cmd, goto,4
292.0,Elev,0,  arrived at dest, -2, this call is done!, Elevator call,251.1044469,-1,-2,3,0, Done, dt, 40.8955531
292.0, elevID,0,  pos,-2,  cmd, goto,0
296.0,Elevator call,295.7943357,0,1,1,0, got allocated to elevator, 0
297.0,Elev,1,  arrived at dest, 4, this call is done!, Elevator call,254.6977153,3,4,3,1, Done, dt, 42.3022847
297.0, elevID,1,  pos,4,  cmd, goto,5
304.0,Elev,0,  arrived at dest, 0, this call is done!, Elevator call,257.7974435,-1,0,3,0, Done, dt, 46.202556500000014
304.0,Elev,0,  arrived at src, 0, Elevator call,295.7943357,0,1,2,0
304.0, elevID,0,  pos,0,  cmd, goto,1
305.0,Elevator call,304.9984388,6,0,1,1, got allocated to elevator, 1
308.0,Elev,1,  arrived at dest, 5, this call is done!, Elevator call,227.0798305,-1,5,3,1, Done, dt, 80.92016949999999
308.0, elevID,1,  pos,5,  cmd, goto,6
310.0,Elevator call,309.3005383,0,-1,1,0, got allocated to elevator, 0
313.0,Elevator call,312.3018556,0,-1,1,0, got allocated to elevator, 0
315.0,Elev,0,  arrived at dest, 1, this call is done!, Elevator call,295.7943357,0,1,3,0, Done, dt, 19.205664300000024
315.0, elevID,0,  pos,1,  cmd, goto,0
317.0,Elevator call,316.0323783,0,-1,1,0, got allocated to elevator, 0
319.0,Elev,1,  arrived at src, 6, Elevator call,304.9984388,6,0,2,1
319.0, elevID,1,  pos,6,  cmd, goto,9
320.0,Elevator call,319.905202,6,5,1,1, got allocated to elevator, 1
320.0, elevID,1,  pos,6,  cmd, stop,6
321.0,Elevator call,320.9760749,-1,0,1,0, got allocated to elevator, 0
322.0,Elevator call,321.370409,7,-1,1,1, got allocated to elevator, 1
326.0,Elev,0,  arrived at src, 0, Elevator call,309.3005383,0,-1,2,0
326.0,Elev,0,  arrived at src, 0, Elevator call,312.3018556,0,-1,2,0
326.0,Elev,0,  arrived at src, 0, Elevator call,316.0323783,0,-1,2,0
326.0, elevID,0,  pos,0,  cmd, goto,-1
329.0,Elev,1,  arrived at src, 6, Elevator call,319.905202,6,5,2,1
329.0, elevID,1,  pos,6,  cmd, goto,7
333.0,Elevator call,332.4267319,0,10,1,0, got allocated to elevator, 0
337.0,Elevator call,336.9304305,-1,0,1,0, got allocated to elevator, 0
337.0,Elev,0,  arrived at dest, -1, this call is done!, Elevator call,309.3005383,0,-1,3,0, Done, dt, 27.699461699999972
337.0,Elev,0,  arrived at dest, -1, this call is done!, Elevator call,312.3018556,0,-1,3,0, Done, dt, 24.69814439999999
337.0,Elev,0,  arrived at dest, -1, this call is done!, Elevator call,316.0323783,0,-1,3,0, Done, dt, 20.967621699999995
337.0,Elev,0,  arrived at src, -1, Elevator call,320.9760749,-1,0,2,0
337.0,Elev,0,  arrived at src, -1, Elevator call,336.9304305,-1,0,2,0
337.0, elevID,0,  pos,-1,  cmd, goto,0
340.0,Elev,1,  arrived at src, 7, Elevator call,321.370409,7,-1,2,1
340.0, elevID,1,  pos,7,  cmd, goto,9
348.0,Elev,0,  arrived at dest, 0, this call is done!, Elevator call,320.9760749,-1,0,3,0, Done, dt, 27.023925099999985
348.0,Elev,0,  arrived at src, 0, Elevator call,332.4267319,0,10,2,0
348.0,Elev,0,  arrived at dest, 0, this call is done!, Elevator call,336.9304305,-1,0,3,0, Done, dt, 11.0695695
348.0, elevID,0,  pos,0,  cmd, goto,10
351.0,Elev,1,  arrived at dest, 9, this call is done!, Elevator call,251.2359335,0,9,3,1, Done, dt, 99.76406650000001
351.0, elevID,1,  pos,9,  cmd, goto,5
363.0,Elev,1,  arrived at dest, 5, this call is done!, Elevator call,319.905202,6,5,3,1, Done, dt, 43.094798000000026
363.0, elevID,1,  pos,5,  cmd, goto,0
368.0,Elev,0,  arrived at dest, 10, this call is done!, Elevator call,332.4267319,0,10,3,0, Done, dt, 35.57326810000001
376.0,Elevator call,375.490481,1,0,1,1, got allocated to elevator, 1
376.0,Elev,1,  arrived at dest, 0, this call is done!, Elevator call,304.9984388,6,0,3,1, Done, dt, 71.00156120000003
376.0, elevID,1,  pos,0,  cmd, goto,-1
387.0,Elev,1,  arrived at dest, -1, this call is done!, Elevator call,321.370409,7,-1,3,1, Done, dt, 65.629591
387.0, elevID,1,  pos,-1,  cmd, goto,1
393.0,Elevator call,392.5160765,0,5,1,1, got allocated to elevator, 1
398.0,Elev,1,  arrived at src, 1, Elevator call,375.490481,1,0,2,1
398.0, elevID,1,  pos,1,  cmd, goto,0
406.0,Elevator call,405.1821141,-1,10,1,0, got allocated to elevator, 0
406.0, elevID,0,  pos,10,  cmd, goto,-1
409.0,Elev,1,  arrived at dest, 0, this call is done!, Elevator call,375.490481,1,0,3,1, Done, dt, 33.50951900000001
409.0,Elev,1,  arrived at src, 0, Elevator call,392.5160765,0,5,2,1
409.0, elevID,1,  pos,0,  cmd, goto,5
422.0,Elev,1,  arrived at dest, 5, this call is done!, Elevator call,392.5160765,0,5,3,1, Done, dt, 29.483923500000003
427.0,Elevator call,426.8615805,2,0,1,1, got allocated to elevator, 1
427.0,Elev,0,  arrived at src, -1, Elevator call,405.1821141,-1,10,2,0
427.0, elevID,0,  pos,-1,  cmd, goto,10
427.0, elevID,1,  pos,5,  cmd, goto,2
438.0,Elevator call,437.1711158,1,0,1,1, got allocated to elevator, 1
439.0,Elev,1,  arrived at src, 2, Elevator call,426.8615805,2,0,2,1
439.0, elevID,1,  pos,2,  cmd, goto,1
448.0,Elev,0,  arrived at dest, 10, this call is done!, Elevator call,405.1821141,-1,10,3,0, Done, dt, 42.81788590000002
450.0,Elev,1,  arrived at src, 1, Elevator call,437.1711158,1,0,2,1
450.0, elevID,1,  pos,1,  cmd, goto,0
461.0,Elev,1,  arrived at dest, 0, this call is done!, Elevator call,426.8615805,2,0,3,1, Done, dt, 34.1384195
461.0,Elev,1,  arrived at dest, 0, this call is done!, Elevator call,437.1711158,1,0,3,1, Done, dt, 23.828884200000005
473.0,Elevator call,472.7445474,10,-1,1,1, got allocated to elevator, 1
473.0, elevID,1,  pos,0,  cmd, goto,10
488.0,Elev,1,  arrived at src, 10, Elevator call,472.7445474,10,-1,2,1
488.0, elevID,1,  pos,10,  cmd, goto,-1
501.0,Elevator call,500.3712045,8,-1,1,0, got allocated to elevator, 0
501.0, elevID,0,  pos,10,  cmd, goto,8
504.0,Elevator call,503.1384784,1,-1,1,0, got allocated to elevator, 0
504.0,Elev,1,  arrived at dest, -1, this call is done!, Elevator call,472.7445474,10,-1,3,1, Done, dt, 31.255452600000012
505.0,Elevator call,504.4317942,0,-1,1,0, got allocated to elevator, 0
513.0,Elev,0,  arrived at src, 8, Elevator call,500.3712045,8,-1,2,0
513.0, elevID,0,  pos,8,  cmd, goto,1
530.0,Elevator call,529.6277472,3,-1,1,1, got allocated to elevator, 1
530.0,Elev,0,  arrived at src, 1, Elevator call,503.1384784,1,-1,2,0
530.0, elevID,0,  pos,1,  cmd, goto,0
530.0, elevID,1,  pos,-1,  cmd, goto,3
538.0,Elevator call,537.7866884,-1,6,1,1, got allocated to elevator, 1
541.0,Elev,0,  arrived at src, 0, Elevator call,504.4317942,0,-1,2,0
541.0, elevID,0,  pos,0,  cmd, goto,-1
542.0,Elev,1,  arrived at src, 3, Elevator call,529.6277472,3,-1,2,1
542.0, elevID,1,  pos,3,  cmd, goto,-1
545.0,Elevator call,544.7880392,6,-1,1,0, got allocated to elevator, 0
552.0,Elev,0,  arrived at dest, -1, this call is done!, Elevator call,500.3712045,8,-1,3,0, Done, dt, 51.628795500000024
552.0,Elev,0,  arrived at dest, -1, this call is done!, Elevator call,503.1384784,1,-1,3,0, Done, dt, 48.8615216
552.0,Elev,0,  arrived at dest, -1, this call is done!, Elevator call,504.4317942,0,-1,3,0, Done, dt, 47.56820579999999
552.0, elevID,0,  pos,-1,  cmd, goto,6
554.0,Elev,1,  arrived at dest, -1, this call is done!, Elevator call,529.6277472,3,-1,3,1, Done, dt, 24.372252799999956
554.0,Elev,1,  arrived at src, -1, Elevator call,537.7866884,-1,6,2,1
554.0, elevID,1,  pos,-1,  cmd, goto,6
555.0,Elevator call,554.0892923,4,0,1,0, got allocated to elevator, 0
555.0, elevID,0,  pos,-1,  cmd, stop,4
558.0,Elevator call,557.244139,10,0,1,1, got allocated to elevator, 1
566.0,Elevator call,565.0195522,0,-1,1,0, got allocated to elevator, 0
567.0,Elev,0,  arrived at src, 4, Elevator call,554.0892923,4,0,2,0
567.0, elevID,0,  pos,4,  cmd, goto,6
568.0,Elev,1,  arrived at dest, 6, this call is done!, Elevator call,537.7866884,-1,6,3,1, Done, dt, 30.213311599999997
568.0, elevID,1,  pos,6,  cmd, goto,10
579.0,Elev,0,  arrived at src, 6, Elevator call,544.7880392,6,-1,2,0
579.0, elevID,0,  pos,6,  cmd, goto,0
580.0,Elev,1,  arrived at src, 10, Elevator call,557.244139,10,0,2,1
580.0, elevID,1,  pos,10,  cmd, goto,0
582.0,Elevator call,581.870309,0,3,1,0, got allocated to elevator, 0
595.0,Elev,0,  arrived at dest, 0, this call is done!, Elevator call,554.0892923,4,0,3,0, Done, dt, 40.91070769999999
595.0,Elev,0,  arrived at src, 0, Elevator call,565.0195522,0,-1,2,0
595.0,Elev,0,  arrived at src, 0, Elevator call,581.870309,0,3,2,0
595.0, elevID,0,  pos,0,  cmd, goto,-1
595.0,Elev,1,  arrived at dest, 0, this call is done!, Elevator call,557.244139,10,0,3,1, Done, dt, 37.75586099999998
597.0,Elevator call,596.1232023,8,0,1,1, got allocated to elevator, 1
597.0, elevID,1,  pos,0,  cmd, goto,8
601.0,Elevator call,600.931288,1,0,1,1, got allocated to elevator, 1
601.0, elevID,1,  pos,0,  cmd, stop,1
604.0,Elevator call,603.9342327,7,0,1,1, got allocated to elevator, 1
606.0,Elev,0,  arrived at dest, -1, this call is done!, Elevator call,544.7880392,6,-1,3,0, Done, dt, 61.21196080000004
606.0,Elev,0,  arrived at dest, -1, this call is done!, Elevator call,565.0195522,0,-1,3,0, Done, dt, 40.98044779999998
606.0, elevID,0,  pos,-1,  cmd, goto,3
608.0,Elev,1,  arrived at src, 1, Elevator call,600.931288,1,0,2,1
608.0, elevID,1,  pos,1,  cmd, goto,7
618.0,Elevator call,617.9628339,0,3,1,0, got allocated to elevator, 0
620.0,Elevator call,619.6454197,9,0,1,0, got allocated to elevator, 0
620.0,Elev,0,  arrived at dest, 3, this call is done!, Elevator call,581.870309,0,3,3,0, Done, dt, 38.12969099999998
620.0, elevID,0,  pos,3,  cmd, goto,9
621.0,Elev,1,  arrived at src, 7, Elevator call,603.9342327,7,0,2,1
621.0, elevID,1,  pos,7,  cmd, goto,8
627.0,Elevator call,626.2116172,0,1,1,1, got allocated to elevator, 1
632.0,Elev,1,  arrived at src, 8, Elevator call,596.1232023,8,0,2,1
632.0, elevID,1,  pos,8,  cmd, goto,0
636.0,Elev,0,  arrived at src, 9, Elevator call,619.6454197,9,0,2,0
636.0, elevID,0,  pos,9,  cmd, goto,0
644.0,Elevator call,643.8547515,-1,2,1,0, got allocated to elevator, 0
646.0,Elev,1,  arrived at dest, 0, this call is done!, Elevator call,596.1232023,8,0,3,1, Done, dt, 49.8767977
646.0,Elev,1,  arrived at dest, 0, this call is done!, Elevator call,600.931288,1,0,3,1, Done, dt, 45.068712000000005
646.0,Elev,1,  arrived at dest, 0, this call is done!, Elevator call,603.9342327,7,0,3,1, Done, dt, 42.06576729999995
646.0,Elev,1,  arrived at src, 0, Elevator call,626.2116172,0,1,2,1
646.0, elevID,1,  pos,0,  cmd, goto,1
655.0,Elev,0,  arrived at src, 0, Elevator call,617.9628339,0,3,2,0
655.0,Elev,0,  arrived at dest, 0, this call is done!, Elevator call,619.6454197,9,0,3,0, Done, dt, 35.35458029999995
655.0, elevID,0,  pos,0,  cmd, goto,-1
657.0,Elev,1,  arrived at dest, 1, this call is done!, Elevator call,626.2116172,0,1,3,1, Done, dt, 30.788382800000022
661.0,Elevator call,660.0732908,6,10,1,1, got allocated to elevator, 1
661.0, elevID,1,  pos,1,  cmd, goto,6
662.0,Elevator call,661.042082,-1,3,1,0, got allocated to elevator, 0
663.0,Elevator call,662.1730528,-1,5,1,1, got allocated to elevator, 1
666.0,Elevator call,665.1155549,-1,8,1,1, got allocated to elevator, 1
666.0,Elev,0,  arrived at src, -1, Elevator call,643.8547515,-1,2,2,0
666.0,Elev,0,  arrived at src, -1, Elevator call,661.042082,-1,3,2,0
666.0, elevID,0,  pos,-1,  cmd, goto,2
667.0,Elevator call,666.0340295,4,0,1,0, got allocated to elevator, 0
667.0,Elevator call,666.2411587,5,-1,1,1, got allocated to elevator, 1
667.0, elevID,1,  pos,3,  cmd, stop,5
673.0,Elevator call,672.6773142,0,-1,1,1, got allocated to elevator, 1
673.0,Elev,1,  arrived at src, 5, Elevator call,666.2411587,5,-1,2,1
673.0, elevID,1,  pos,5,  cmd, goto,6
678.0,Elevator call,677.7341948,0,-1,1,1, got allocated to elevator, 1
679.0,Elevator call,678.9953585,-1,-2,1,0, got allocated to elevator, 0
679.0,Elev,0,  arrived at dest, 2, this call is done!, Elevator call,643.8547515,-1,2,3,0, Done, dt, 35.14524849999998
679.0, elevID,0,  pos,2,  cmd, goto,3
684.0,Elev,1,  arrived at src, 6, Elevator call,660.0732908,6,10,2,1
684.0, elevID,1,  pos,6,  cmd, goto,10
690.0,Elev,0,  arrived at dest, 3, this call is done!, Elevator call,617.9628339,0,3,3,0, Done, dt, 72.03716610000004
690.0,Elev,0,  arrived at dest, 3, this call is done!, Elevator call,661.042082,-1,3,3,0, Done, dt, 28.95791799999995
690.0, elevID,0,  pos,3,  cmd, goto,4
696.0,Elevator call,695.2239882,0,10,1,1, got allocated to elevator, 1
696.0,Elev,1,  arrived at dest, 10, this call is done!, Elevator call,660.0732908,6,10,3,1, Done, dt, 35.926709200000005
696.0, elevID,1,  pos,10,  cmd, goto,0
701.0,Elev,0,  arrived at src, 4, Elevator call,666.0340295,4,0,2,0
701.0, elevID,0,  pos,4,  cmd, goto,0
707.0,Elevator call,706.1583475,-1,-2,1,0, got allocated to elevator, 0
711.0,Elevator call,710.324977,0,1,1,0, got allocated to elevator, 0
711.0,Elev,1,  arrived at src, 0, Elevator call,672.6773142,0,-1,2,1
711.0,Elev,1,  arrived at src, 0, Elevator call,677.7341948,0,-1,2,1
711.0,Elev,1,  arrived at src, 0, Elevator call,695.2239882,0,10,2,1
711.0, elevID,1,  pos,0,  cmd, goto,-1
714.0,Elevator call,713.0191971,1,0,1,0, got allocated to elevator, 0
714.0,Elevator call,713.2499766,10,-1,1,0, got allocated to elevator, 0
715.0,Elev,0,  arrived at dest, 0, this call is done!, Elevator call,666.0340295,4,0,3,0, Done, dt, 48.965970500000026
715.0,Elev,0,  arrived at src, 0, Elevator call,710.324977,0,1,2,0
715.0, elevID,0,  pos,0,  cmd, goto,-1
722.0,Elev,1,  arrived at src, -1, Elevator call,662.1730528,-1,5,2,1
722.0,Elev,1,  arrived at src, -1, Elevator call,665.1155549,-1,8,2,1
722.0,Elev,1,  arrived at dest, -1, this call is done!, Elevator call,666.2411587,5,-1,3,1, Done, dt, 55.75884129999997
722.0,Elev,1,  arrived at dest, -1, this call is done!, Elevator call,672.6773142,0,-1,3,1, Done, dt, 49.322685800000045
722.0,Elev,1,  arrived at dest, -1, this call is done!, Elevator call,677.7341948,0,-1,3,1, Done, dt, 44.265805200000045
722.0, elevID,1,  pos,-1,  cmd, goto,5
723.0,Elevator call,722.6161213,10,0,1,0, got allocated to elevator, 0
726.0,Elev,0,  arrived at src, -1, Elevator call,678.9953585,-1,-2,2,0
726.0,Elev,0,  arrived at src, -1, Elevator call,706.1583475,-1,-2,2,0
726.0, elevID,0,  pos,-1,  cmd, goto,-2
728.0,Elevator call,727.5146029,-1,0,1,1, got allocated to elevator, 1
733.0,Elevator call,732.9746341,6,-1,1,0, got allocated to elevator, 0
735.0,Elev,1,  arrived at dest, 5, this call is done!, Elevator call,662.1730528,-1,5,3,1, Done, dt, 72.82694719999995
735.0, elevID,1,  pos,5,  cmd, goto,8
737.0,Elev,0,  arrived at dest, -2, this call is done!, Elevator call,678.9953585,-1,-2,3,0, Done, dt, 58.00464150000005
737.0,Elev,0,  arrived at dest, -2, this call is done!, Elevator call,706.1583475,-1,-2,3,0, Done, dt, 30.84165250000001
737.0, elevID,0,  pos,-2,  cmd, goto,1
738.0,Elevator call,737.3147202,1,0,1,0, got allocated to elevator, 0
747.0,Elev,1,  arrived at dest, 8, this call is done!, Elevator call,665.1155549,-1,8,3,1, Done, dt, 81.8844451
747.0, elevID,1,  pos,8,  cmd, goto,10
750.0,Elev,0,  arrived at dest, 1, this call is done!, Elevator call,710.324977,0,1,3,0, Done, dt, 39.67502300000001
750.0,Elev,0,  arrived at src, 1, Elevator call,713.0191971,1,0,2,0
750.0,Elev,0,  arrived at src, 1, Elevator call,737.3147202,1,0,2,0
750.0, elevID,0,  pos,1,  cmd, goto,6
758.0,Elev,1,  arrived at dest, 10, this call is done!, Elevator call,695.2239882,0,10,3,1, Done, dt, 62.77601179999999
758.0, elevID,1,  pos,10,  cmd, goto,-1
765.0,Elev,0,  arrived at src, 6, Elevator call,732.9746341,6,-1,2,0
765.0, elevID,0,  pos,6,  cmd, goto,10
774.0,Elev,1,  arrived at src, -1, Elevator call,727.5146029,-1,0,2,1
774.0, elevID,1,  pos,-1,  cmd, goto,0
779.0,Elev,0,  arrived at src, 10, Elevator call,713.2499766,10,-1,2,0
779.0,Elev,0,  arrived at src, 10, Elevator call,722.6161213,10,0,2,0
779.0, elevID,0,  pos,10,  cmd, goto,0
780.0,Elevator call,779.3996914,-1,5,1,1, got allocated to elevator, 1
785.0,Elev,1,  arrived at dest, 0, this call is done!, Elevator call,727.5146029,-1,0,3,1, Done, dt, 57.4853971
785.0, elevID,1,  pos,0,  cmd, goto,-1
796.0,Elev,1,  arrived at src, -1, Elevator call,779.3996914,-1,5,2,1
796.0, elevID,1,  pos,-1,  cmd, goto,5
799.0,Elev,0,  arrived at dest, 0, this call is done!, Elevator call,713.0191971,1,0,3,0, Done, dt, 85.98080289999996
799.0,Elev,0,  arrived at dest, 0, this call is done!, Elevator call,722.6161213,10,0,3,0, Done, dt, 76.38387869999997
799.0,Elev,0,  arrived at dest, 0, this call is done!, Elevator call,737.3147202,1,0,3,0, Done, dt, 61.68527979999999
799.0, elevID,0,  pos,0,  cmd, goto,-1
806.0,Elevator call,805.6754743,-1,-2,1,0, got allocated to elevator, 0
809.0,Elev,1,  arrived at dest, 5, this call is done!, Elevator call,779.3996914,-1,5,3,1, Done, dt, 29.60030859999995
810.0,Elev,0,  arrived at dest, -1, this call is done!, Elevator call,713.2499766,10,-1,3,0, Done, dt, 96.75002340000003
810.0,Elev,0,  arrived at dest, -1, this call is done!, Elevator call,732.9746341,6,-1,3,0, Done, dt, 77.0253659
810.0,Elev,0,  arrived at src, -1, Elevator call,805.6754743,-1,-2,2,0
810.0, elevID,0,  pos,-1,  cmd, goto,-2
811.0,Elevator call,810.4469089,2,0,1,0, got allocated to elevator, 0
817.0,Elevator call,816.1516998,7,-1,1,1, got allocated to elevator, 1
817.0, elevID,1,  pos,5,  cmd, goto,7
821.0,Elev,0,  arrived at dest, -2, this call is done!, Elevator call,805.6754743,-1,-2,3,0, Done, dt, 15.324525699999981
821.0, elevID,0,  pos,-2,  cmd, goto,2
826.0,Elevator call,825.4575185,7,0,1,1, got allocated to elevator, 1
828.0,Elev,1,  arrived at src, 7, Elevator call,816.1516998,7,-1,2,1
828.0,Elev,1,  arrived at src, 7, Elevator call,825.4575185,7,0,2,1
828.0, elevID,1,  pos,7,  cmd, goto,0
835.0,Elev,0,  arrived at src, 2, Elevator call,810.4469089,2,0,2,0
835.0, elevID,0,  pos,2,  cmd, goto,0
840.0,Elevator call,839.8525653,0,1,1,1, got allocated to elevator, 1
842.0,Elev,1,  arrived at dest, 0, this call is done!, Elevator call,825.4575185,7,0,3,1, Done, dt, 16.542481500000008
842.0,Elev,1,  arrived at src, 0, Elevator call,839.8525653,0,1,2,1
842.0, elevID,1,  pos,0,  cmd, goto,-1
847.0,Elev,0,  arrived at dest, 0, this call is done!, Elevator call,810.4469089,2,0,3,0, Done, dt, 36.55309109999996
853.0,Elev,1,  arrived at dest, -1, this call is done!, Elevator call,816.1516998,7,-1,3,1, Done, dt, 36.84830020000004
853.0, elevID,1,  pos,-1,  cmd, goto,1
855.0,Elevator call,854.2002278,6,-1,1,1, got allocated to elevator, 1
864.0,Elevator call,863.8932913,0,-1,1,1, got allocated to elevator, 1
864.0,Elev,1,  arrived at dest, 1, this call is done!, Elevator call,839.8525653,0,1,3,1, Done, dt, 24.147434699999963
864.0, elevID,1,  pos,1,  cmd, goto,6
871.0,Elevator call,870.5053024,0,7,1,0, got allocated to elevator, 0
871.0,Elev,0,  arrived at src, 0, Elevator call,870.5053024,0,7,2,0
871.0, elevID,0,  pos,0,  cmd, goto,7
877.0,Elev,1,  arrived at src, 6, Elevator call,854.2002278,6,-1,2,1
877.0, elevID,1,  pos,6,  cmd, goto,0
887.0,Elevator call,886.5649993,-1,-2,1,1, got allocated to elevator, 1
888.0,Elev,0,  arrived at dest, 7, this call is done!, Elevator call,870.5053024,0,7,3,0, Done, dt, 17.494697599999995
890.0,Elev,1,  arrived at src, 0, Elevator call,863.8932913,0,-1,2,1
890.0, elevID,1,  pos,0,  cmd, goto,-1
893.0,Elevator call,892.5212151,9,-1,1,0, got allocated to elevator, 0
893.0, elevID,0,  pos,7,  cmd, goto,9
901.0,Elev,1,  arrived at dest, -1, this call is done!, Elevator call,854.2002278,6,-1,3,1, Done, dt, 46.79977220000001
901.0,Elev,1,  arrived at dest, -1, this call is done!, Elevator call,863.8932913,0,-1,3,1, Done, dt, 37.10670870000001
901.0,Elev,1,  arrived at src, -1, Elevator call,886.5649993,-1,-2,2,1
901.0, elevID,1,  pos,-1,  cmd, goto,-2
905.0,Elev,0,  arrived at src, 9, Elevator call,892.5212151,9,-1,2,0
905.0, elevID,0,  pos,9,  cmd, goto,-1
911.0,Elevator call,910.5388559,6,5,1,0, got allocated to elevator, 0
, elevID,0,  pos,8,  cmd, stop,6
912.0,Elev,1,  arrived at dest, -2, this call is done!, Elevator call,886.5649993,-1,-2,3,1, Done, dt, 25.435000700000046
916.0,Elevator call,915.9490575,4,-1,1,0, got allocated to elevator, 0
918.0,Elev,0,  arrived at src, 6, Elevator call,910.5388559,6,5,2,0
918.0, elevID,0,  pos,6,  cmd, goto,5
929.0,Elev,0,  arrived at dest, 5, this call is done!, Elevator call,910.5388559,6,5,3,0, Done, dt, 18.461144099999956
929.0, elevID,0,  pos,5,  cmd, goto,4
934.0,Elevator call,933.8580452,7,5,1,0, got allocated to elevator, 0
940.0,Elev,0,  arrived at src, 4, Elevator call,915.9490575,4,-1,2,0
940.0, elevID,0,  pos,4,  cmd, goto,-1
955.0,Elev,0,  arrived at dest, -1, this call is done!, Elevator call,892.5212151,9,-1,3,0, Done, dt, 62.47878490000005
955.0,Elev,0,  arrived at dest, -1, this call is done!, Elevator call,915.9490575,4,-1,3,0, Done, dt, 39.05094250000002
955.0, elevID,0,  pos,-1,  cmd, goto,7
962.0,Elevator call,961.6862856,6,-1,1,1, got allocated to elevator, 1
962.0, elevID,1,  pos,-2,  cmd, goto,6
973.0,Elevator call,972.8032126,1,0,1,1, got allocated to elevator, 1
973.0,Elev,0,  arrived at src, 7, Elevator call,933.8580452,7,5,2,0
973.0, elevID,0,  pos,7,  cmd, goto,5
976.0,Elevator call,975.8361203,0,-1,1,1, got allocated to elevator, 1
976.0,Elev,1,  arrived at src, 6, Elevator call,961.6862856,6,-1,2,1
976.0, elevID,1,  pos,6,  cmd, goto,1
979.0,Elevator call,978.5925149,10,0,1,0, got allocated to elevator, 0
979.0,Elevator call,978.6210501,10,-1,1,1, got allocated to elevator, 1
985.0,Elevator call,984.1840186,7,0,1,0, got allocated to elevator, 0
985.0,Elev,0,  arrived at dest, 5, this call is done!, Elevator call,933.8580452,7,5,3,0, Done, dt, 51.14195480000001
985.0, elevID,0,  pos,5,  cmd, goto,7
989.0,Elev,1,  arrived at src, 1, Elevator call,972.8032126,1,0,2,1
989.0, elevID,1,  pos,1,  cmd, goto,0
997.0,Elev,0,  arrived at src, 7, Elevator call,984.1840186,7,0,2,0
997.0, elevID,0,  pos,7,  cmd, goto,10
1000.0,Elev,1,  arrived at dest, 0, this call is done!, Elevator call,972.8032126,1,0,3,1, Done, dt, 27.19678739999995
1000.0,Elev,1,  arrived at src, 0, Elevator call,975.8361203,0,-1,2,1
1000.0, elevID,1,  pos,0,  cmd, goto,-1
1010.0,Elev,0,  arrived at src, 10, Elevator call,978.5925149,10,0,2,0
1010.0, elevID,0,  pos,10,  cmd, goto,0
1011.0,Elev,1,  arrived at dest, -1, this call is done!, Elevator call,961.6862856,6,-1,3,1, Done, dt, 49.31371439999998
1011.0,Elev,1,  arrived at dest, -1, this call is done!, Elevator call,975.8361203,0,-1,3,1, Done, dt, 35.16387970000005
1011.0, elevID,1,  pos,-1,  cmd, goto,10
1027.0,Elev,1,  arrived at src, 10, Elevator call,978.6210501,10,-1,2,1
1027.0, elevID,1,  pos,10,  cmd, goto,-1
1030.0,Elev,0,  arrived at dest, 0, this call is done!, Elevator call,978.5925149,10,0,3,0, Done, dt, 51.40748510000003
1030.0,Elev,0,  arrived at dest, 0, this call is done!, Elevator call,984.1840186,7,0,3,0, Done, dt, 45.815981400000055
1043.0,Elev,1,  arrived at dest, -1, this call is done!, Elevator call,978.6210501,10,-1,3,1, Done, dt, 64.37894989999995
1044.0,************* Simulation Ended ************
Code Owners,316049311,212458244,  Building_file,B2.json,  Calls,resultsB2Calls_a.csv
Total waiting time: 4336.0,  average waiting time per call: 43.36,  unCompleted calls,0,  certificate, -287474366
