Ex1 (OOP) Simulator log: stage B2.json,  Building2calls_a.csv
0.0,OOP_Ex1_Elevator_Simulator
0.0,Simulated Building, Building [-2,10]
0) ex1.Elevator_A, Elev_, id,0,  speed, 1.0, open: 2.0,  start: 3.0, close: 2.0,  stop: 3.0
1) ex1.Elevator_A, Elev_, id,1,  speed, 2.0, open: 2.0,  start: 3.0, close: 2.0,  stop: 3.0

0.0,Simulated Period starTime,0.0,  endTime,1104.1840186,  dt,1.0
0.0,Simulated  calls,Elevator log, size: 100
0.0,**** Simulation starts!! ****
5.0,Elevator call,4.37472729,0,-1,1,1, got allocated to elevator, 1
5.0,Elev,1,  arrived at src, 0, Elevator call,4.37472729,0,-1,2,1
5.0, elevID,1,  pos,0,  cmd, goto,-1
16.0,Elev,1,  arrived at dest, -1, this call is done!, Elevator call,4.37472729,0,-1,3,1, Done, dt, 11.62527271
17.0,Elevator call,16.95788289,-1,0,1,0, got allocated to elevator, 0
17.0, elevID,0,  pos,0,  cmd, goto,-1
23.0,Elevator call,22.0940563,0,-1,1,1, got allocated to elevator, 1
23.0, elevID,1,  pos,-1,  cmd, goto,0
28.0,Elev,0,  arrived at src, -1, Elevator call,16.95788289,-1,0,2,0
28.0, elevID,0,  pos,-1,  cmd, goto,0
34.0,Elev,1,  arrived at src, 0, Elevator call,22.0940563,0,-1,2,1
34.0, elevID,1,  pos,0,  cmd, goto,-1
39.0,Elev,0,  arrived at dest, 0, this call is done!, Elevator call,16.95788289,-1,0,3,0, Done, dt, 22.04211711
45.0,Elev,1,  arrived at dest, -1, this call is done!, Elevator call,22.0940563,0,-1,3,1, Done, dt, 22.9059437
86.0,Elevator call,85.52096662,3,2,1,1, got allocated to elevator, 1
86.0, elevID,1,  pos,-1,  cmd, goto,3
92.0,Elevator call,91.21019413,-1,-2,1,0, got allocated to elevator, 0
92.0, elevID,0,  pos,0,  cmd, goto,-1
98.0,Elev,1,  arrived at src, 3, Elevator call,85.52096662,3,2,2,1
98.0, elevID,1,  pos,3,  cmd, goto,2
103.0,Elev,0,  arrived at src, -1, Elevator call,91.21019413,-1,-2,2,0
103.0, elevID,0,  pos,-1,  cmd, goto,-2
105.0,Elevator call,104.1370124,0,4,1,1, got allocated to elevator, 1
109.0,Elev,1,  arrived at dest, 2, this call is done!, Elevator call,85.52096662,3,2,3,1, Done, dt, 23.479033380000004
109.0, elevID,1,  pos,2,  cmd, goto,0
110.0,Elevator call,109.2135291,-1,0,1,0, got allocated to elevator, 0
114.0,Elev,0,  arrived at dest, -2, this call is done!, Elevator call,91.21019413,-1,-2,3,0, Done, dt, 22.789805869999995
114.0, elevID,0,  pos,-2,  cmd, goto,-1
115.0,Elevator call,114.392351,3,0,1,1, got allocated to elevator, 1
120.0,Elev,1,  arrived at src, 0, Elevator call,104.1370124,0,4,2,1
120.0, elevID,1,  pos,0,  cmd, goto,3
125.0,Elevator call,124.425571,0,9,1,0, got allocated to elevator, 0
125.0,Elev,0,  arrived at src, -1, Elevator call,109.2135291,-1,0,2,0
125.0, elevID,0,  pos,-1,  cmd, goto,0
131.0,Elevator call,130.0249568,8,10,1,1, got allocated to elevator, 1
131.0,Elevator call,130.2249113,-1,1,1,1, got allocated to elevator, 1
132.0,Elev,1,  arrived at src, 3, Elevator call,114.392351,3,0,2,1
132.0, elevID,1,  pos,3,  cmd, goto,4
136.0,Elev,0,  arrived at dest, 0, this call is done!, Elevator call,109.2135291,-1,0,3,0, Done, dt, 26.786470899999998
136.0,Elev,0,  arrived at src, 0, Elevator call,124.425571,0,9,2,0
136.0, elevID,0,  pos,0,  cmd, goto,9
138.0,Elevator call,137.9515274,0,4,1,0, got allocated to elevator, 0
138.0, elevID,0,  pos,0,  cmd, stop,0
143.0,Elev,1,  arrived at dest, 4, this call is done!, Elevator call,104.1370124,0,4,3,1, Done, dt, 38.8629876
143.0, elevID,1,  pos,4,  cmd, goto,8
144.0,Elevator call,143.9133584,0,6,1,0, got allocated to elevator, 0
146.0,Elev,0,  arrived at src, 0, Elevator call,137.9515274,0,4,2,0
146.0,Elev,0,  arrived at src, 0, Elevator call,143.9133584,0,6,2,0
146.0, elevID,0,  pos,0,  cmd, goto,4
155.0,Elev,1,  arrived at src, 8, Elevator call,130.0249568,8,10,2,1
155.0, elevID,1,  pos,8,  cmd, goto,10
160.0,Elev,0,  arrived at dest, 4, this call is done!, Elevator call,137.9515274,0,4,3,0, Done, dt, 22.048472599999997
160.0, elevID,0,  pos,4,  cmd, goto,6
166.0,Elev,1,  arrived at dest, 10, this call is done!, Elevator call,130.0249568,8,10,3,1, Done, dt, 35.97504319999999
166.0, elevID,1,  pos,10,  cmd, goto,0
170.0,Elevator call,169.7845834,-1,0,1,1, got allocated to elevator, 1
171.0,Elevator call,170.0099621,0,6,1,0, got allocated to elevator, 0
172.0,Elevator call,171.2117332,-1,8,1,1, got allocated to elevator, 1
172.0,Elev,0,  arrived at dest, 6, this call is done!, Elevator call,143.9133584,0,6,3,0, Done, dt, 28.086641600000007
172.0, elevID,0,  pos,6,  cmd, goto,9
175.0,Elevator call,174.8438515,0,-1,1,0, got allocated to elevator, 0
181.0,Elev,1,  arrived at dest, 0, this call is done!, Elevator call,114.392351,3,0,3,1, Done, dt, 66.607649
181.0, elevID,1,  pos,0,  cmd, goto,-1
185.0,Elev,0,  arrived at dest, 9, this call is done!, Elevator call,124.425571,0,9,3,0, Done, dt, 60.574428999999995
185.0, elevID,0,  pos,9,  cmd, goto,0
188.0,Elevator call,187.1167862,-1,-2,1,0, got allocated to elevator, 0
188.0,Elevator call,187.7299318,-1,-2,1,0, got allocated to elevator, 0
192.0,Elev,1,  arrived at src, -1, Elevator call,130.2249113,-1,1,2,1
192.0,Elev,1,  arrived at src, -1, Elevator call,169.7845834,-1,0,2,1
192.0,Elev,1,  arrived at src, -1, Elevator call,171.2117332,-1,8,2,1
192.0, elevID,1,  pos,-1,  cmd, goto,0
196.0,Elevator call,195.9086965,0,7,1,1, got allocated to elevator, 1
198.0,Elevator call,197.5359191,-1,1,1,1, got allocated to elevator, 1
203.0,Elev,1,  arrived at dest, 0, this call is done!, Elevator call,169.7845834,-1,0,3,1, Done, dt, 33.2154166
203.0,Elev,1,  arrived at src, 0, Elevator call,195.9086965,0,7,2,1
203.0, elevID,1,  pos,0,  cmd, goto,1
204.0,Elev,0,  arrived at src, 0, Elevator call,170.0099621,0,6,2,0
204.0,Elev,0,  arrived at src, 0, Elevator call,174.8438515,0,-1,2,0
204.0, elevID,0,  pos,0,  cmd, goto,-1
206.0,Elevator call,205.9895199,-1,0,1,1, got allocated to elevator, 1
214.0,Elev,1,  arrived at dest, 1, this call is done!, Elevator call,130.2249113,-1,1,3,1, Done, dt, 83.7750887
214.0, elevID,1,  pos,1,  cmd, goto,7
215.0,Elev,0,  arrived at dest, -1, this call is done!, Elevator call,174.8438515,0,-1,3,0, Done, dt, 40.1561485
215.0,Elev,0,  arrived at src, -1, Elevator call,187.1167862,-1,-2,2,0
215.0,Elev,0,  arrived at src, -1, Elevator call,187.7299318,-1,-2,2,0
215.0, elevID,0,  pos,-1,  cmd, goto,-2
226.0,Elev,0,  arrived at dest, -2, this call is done!, Elevator call,187.1167862,-1,-2,3,0, Done, dt, 38.88321379999999
226.0,Elev,0,  arrived at dest, -2, this call is done!, Elevator call,187.7299318,-1,-2,3,0, Done, dt, 38.2700682
226.0, elevID,0,  pos,-2,  cmd, goto,6
227.0,Elev,1,  arrived at dest, 7, this call is done!, Elevator call,195.9086965,0,7,3,1, Done, dt, 31.09130350000001
227.0, elevID,1,  pos,7,  cmd, goto,8
228.0,Elevator call,227.0798305,-1,5,1,1, got allocated to elevator, 1
232.0,Elevator call,231.5157882,-1,0,1,1, got allocated to elevator, 1
233.0,Elevator call,232.9504362,0,-1,1,0, got allocated to elevator, 0
233.0, elevID,0,  pos,0,  cmd, stop,0
238.0,Elev,0,  arrived at src, 0, Elevator call,232.9504362,0,-1,2,0
238.0, elevID,0,  pos,0,  cmd, goto,6
238.0,Elev,1,  arrived at dest, 8, this call is done!, Elevator call,171.2117332,-1,8,3,1, Done, dt, 66.7882668
238.0, elevID,1,  pos,8,  cmd, goto,-1
252.0,Elevator call,251.1044469,-1,-2,1,0, got allocated to elevator, 0
252.0,Elevator call,251.2359335,0,9,1,0, got allocated to elevator, 0
253.0,Elev,1,  arrived at src, -1, Elevator call,197.5359191,-1,1,2,1
253.0,Elev,1,  arrived at src, -1, Elevator call,205.9895199,-1,0,2,1
253.0,Elev,1,  arrived at src, -1, Elevator call,227.0798305,-1,5,2,1
253.0,Elev,1,  arrived at src, -1, Elevator call,231.5157882,-1,0,2,1
253.0, elevID,1,  pos,-1,  cmd, goto,0
254.0,Elev,0,  arrived at dest, 6, this call is done!, Elevator call,170.0099621,0,6,3,0, Done, dt, 83.9900379
254.0, elevID,0,  pos,6,  cmd, goto,0
255.0,Elevator call,254.6977153,3,4,1,0, got allocated to elevator, 0
, elevID,0,  pos,6,  cmd, stop,3
258.0,Elevator call,257.7974435,-1,0,1,1, got allocated to elevator, 1
258.0, elevID,1,  pos,-1,  cmd, stop,-1
263.0,Elev,1,  arrived at src, -1, Elevator call,257.7974435,-1,0,2,1
263.0, elevID,1,  pos,-1,  cmd, goto,0
267.0,Elev,0,  arrived at src, 3, Elevator call,254.6977153,3,4,2,0
267.0, elevID,0,  pos,3,  cmd, goto,0
274.0,Elev,1,  arrived at dest, 0, this call is done!, Elevator call,205.9895199,-1,0,3,1, Done, dt, 68.0104801
274.0,Elev,1,  arrived at dest, 0, this call is done!, Elevator call,231.5157882,-1,0,3,1, Done, dt, 42.4842118
274.0,Elev,1,  arrived at dest, 0, this call is done!, Elevator call,257.7974435,-1,0,3,1, Done, dt, 16.202556500000014
274.0, elevID,1,  pos,0,  cmd, goto,1
280.0,Elev,0,  arrived at src, 0, Elevator call,251.2359335,0,9,2,0
280.0, elevID,0,  pos,0,  cmd, goto,-1
285.0,Elev,1,  arrived at dest, 1, this call is done!, Elevator call,197.5359191,-1,1,3,1, Done, dt, 87.4640809
285.0, elevID,1,  pos,1,  cmd, goto,5
291.0,Elev,0,  arrived at dest, -1, this call is done!, Elevator call,232.9504362,0,-1,3,0, Done, dt, 58.04956379999999
291.0,Elev,0,  arrived at src, -1, Elevator call,251.1044469,-1,-2,2,0
291.0, elevID,0,  pos,-1,  cmd, goto,-2
296.0,Elevator call,295.7943357,0,1,1,1, got allocated to elevator, 1
297.0,Elev,1,  arrived at dest, 5, this call is done!, Elevator call,227.0798305,-1,5,3,1, Done, dt, 69.92016949999999
297.0, elevID,1,  pos,5,  cmd, goto,0
302.0,Elev,0,  arrived at dest, -2, this call is done!, Elevator call,251.1044469,-1,-2,3,0, Done, dt, 50.8955531
302.0, elevID,0,  pos,-2,  cmd, goto,4
305.0,Elevator call,304.9984388,6,0,1,1, got allocated to elevator, 1
310.0,Elevator call,309.3005383,0,-1,1,0, got allocated to elevator, 0
310.0,Elev,1,  arrived at src, 0, Elevator call,295.7943357,0,1,2,1
310.0, elevID,1,  pos,0,  cmd, goto,1
313.0,Elevator call,312.3018556,0,-1,1,0, got allocated to elevator, 0
317.0,Elevator call,316.0323783,0,-1,1,0, got allocated to elevator, 0
318.0,Elev,0,  arrived at dest, 4, this call is done!, Elevator call,254.6977153,3,4,3,0, Done, dt, 63.3022847
318.0, elevID,0,  pos,4,  cmd, goto,9
320.0,Elevator call,319.905202,6,5,1,1, got allocated to elevator, 1
321.0,Elevator call,320.9760749,-1,0,1,0, got allocated to elevator, 0
321.0,Elev,1,  arrived at dest, 1, this call is done!, Elevator call,295.7943357,0,1,3,1, Done, dt, 25.205664300000024
321.0, elevID,1,  pos,1,  cmd, goto,6
322.0,Elevator call,321.370409,7,-1,1,1, got allocated to elevator, 1
333.0,Elevator call,332.4267319,0,10,1,0, got allocated to elevator, 0
333.0,Elev,0,  arrived at dest, 9, this call is done!, Elevator call,251.2359335,0,9,3,0, Done, dt, 81.76406650000001
333.0, elevID,0,  pos,9,  cmd, goto,0
334.0,Elev,1,  arrived at src, 6, Elevator call,304.9984388,6,0,2,1
334.0,Elev,1,  arrived at src, 6, Elevator call,319.905202,6,5,2,1
334.0, elevID,1,  pos,6,  cmd, goto,7
337.0,Elevator call,336.9304305,-1,0,1,0, got allocated to elevator, 0
345.0,Elev,1,  arrived at src, 7, Elevator call,321.370409,7,-1,2,1
345.0, elevID,1,  pos,7,  cmd, goto,5
352.0,Elev,0,  arrived at src, 0, Elevator call,309.3005383,0,-1,2,0
352.0,Elev,0,  arrived at src, 0, Elevator call,312.3018556,0,-1,2,0
352.0,Elev,0,  arrived at src, 0, Elevator call,316.0323783,0,-1,2,0
352.0,Elev,0,  arrived at src, 0, Elevator call,332.4267319,0,10,2,0
352.0, elevID,0,  pos,0,  cmd, goto,-1
356.0,Elev,1,  arrived at dest, 5, this call is done!, Elevator call,319.905202,6,5,3,1, Done, dt, 36.094798000000026
356.0, elevID,1,  pos,5,  cmd, goto,0
363.0,Elev,0,  arrived at dest, -1, this call is done!, Elevator call,309.3005383,0,-1,3,0, Done, dt, 53.69946169999997
363.0,Elev,0,  arrived at dest, -1, this call is done!, Elevator call,312.3018556,0,-1,3,0, Done, dt, 50.69814439999999
363.0,Elev,0,  arrived at dest, -1, this call is done!, Elevator call,316.0323783,0,-1,3,0, Done, dt, 46.967621699999995
363.0,Elev,0,  arrived at src, -1, Elevator call,320.9760749,-1,0,2,0
363.0,Elev,0,  arrived at src, -1, Elevator call,336.9304305,-1,0,2,0
363.0, elevID,0,  pos,-1,  cmd, goto,0
369.0,Elev,1,  arrived at dest, 0, this call is done!, Elevator call,304.9984388,6,0,3,1, Done, dt, 64.00156120000003
369.0, elevID,1,  pos,0,  cmd, goto,-1
374.0,Elev,0,  arrived at dest, 0, this call is done!, Elevator call,320.9760749,-1,0,3,0, Done, dt, 53.023925099999985
374.0,Elev,0,  arrived at dest, 0, this call is done!, Elevator call,336.9304305,-1,0,3,0, Done, dt, 37.0695695
374.0, elevID,0,  pos,0,  cmd, goto,10
376.0,Elevator call,375.490481,1,0,1,1, got allocated to elevator, 1
380.0,Elev,1,  arrived at dest, -1, this call is done!, Elevator call,321.370409,7,-1,3,1, Done, dt, 58.629591000000005
380.0, elevID,1,  pos,-1,  cmd, goto,1
391.0,Elev,1,  arrived at src, 1, Elevator call,375.490481,1,0,2,1
391.0, elevID,1,  pos,1,  cmd, goto,0
393.0,Elevator call,392.5160765,0,5,1,1, got allocated to elevator, 1
394.0,Elev,0,  arrived at dest, 10, this call is done!, Elevator call,332.4267319,0,10,3,0, Done, dt, 61.57326810000001
402.0,Elev,1,  arrived at dest, 0, this call is done!, Elevator call,375.490481,1,0,3,1, Done, dt, 26.50951900000001
402.0,Elev,1,  arrived at src, 0, Elevator call,392.5160765,0,5,2,1
402.0, elevID,1,  pos,0,  cmd, goto,5
406.0,Elevator call,405.1821141,-1,10,1,0, got allocated to elevator, 0
406.0, elevID,0,  pos,10,  cmd, goto,-1
415.0,Elev,1,  arrived at dest, 5, this call is done!, Elevator call,392.5160765,0,5,3,1, Done, dt, 22.483923500000003
427.0,Elevator call,426.8615805,2,0,1,1, got allocated to elevator, 1
427.0,Elev,0,  arrived at src, -1, Elevator call,405.1821141,-1,10,2,0
427.0, elevID,0,  pos,-1,  cmd, goto,10
427.0, elevID,1,  pos,5,  cmd, goto,2
438.0,Elevator call,437.1711158,1,0,1,1, got allocated to elevator, 1
439.0,Elev,1,  arrived at src, 2, Elevator call,426.8615805,2,0,2,1
439.0, elevID,1,  pos,2,  cmd, goto,1
448.0,Elev,0,  arrived at dest, 10, this call is done!, Elevator call,405.1821141,-1,10,3,0, Done, dt, 42.81788590000002
450.0,Elev,1,  arrived at src, 1, Elevator call,437.1711158,1,0,2,1
450.0, elevID,1,  pos,1,  cmd, goto,0
461.0,Elev,1,  arrived at dest, 0, this call is done!, Elevator call,426.8615805,2,0,3,1, Done, dt, 34.1384195
461.0,Elev,1,  arrived at dest, 0, this call is done!, Elevator call,437.1711158,1,0,3,1, Done, dt, 23.828884200000005
473.0,Elevator call,472.7445474,10,-1,1,1, got allocated to elevator, 1
473.0, elevID,1,  pos,0,  cmd, goto,10
488.0,Elev,1,  arrived at src, 10, Elevator call,472.7445474,10,-1,2,1
488.0, elevID,1,  pos,10,  cmd, goto,-1
501.0,Elevator call,500.3712045,8,-1,1,1, got allocated to elevator, 1
504.0,Elevator call,503.1384784,1,-1,1,1, got allocated to elevator, 1
504.0,Elev,1,  arrived at dest, -1, this call is done!, Elevator call,472.7445474,10,-1,3,1, Done, dt, 31.255452600000012
504.0, elevID,1,  pos,-1,  cmd, goto,1
505.0,Elevator call,504.4317942,0,-1,1,0, got allocated to elevator, 0
505.0, elevID,0,  pos,10,  cmd, goto,0
515.0,Elev,1,  arrived at src, 1, Elevator call,503.1384784,1,-1,2,1
515.0, elevID,1,  pos,1,  cmd, goto,8
525.0,Elev,0,  arrived at src, 0, Elevator call,504.4317942,0,-1,2,0
525.0, elevID,0,  pos,0,  cmd, goto,-1
529.0,Elev,1,  arrived at src, 8, Elevator call,500.3712045,8,-1,2,1
529.0, elevID,1,  pos,8,  cmd, goto,-1
530.0,Elevator call,529.6277472,3,-1,1,1, got allocated to elevator, 1
, elevID,1,  pos,8,  cmd, stop,3
536.0,Elev,0,  arrived at dest, -1, this call is done!, Elevator call,504.4317942,0,-1,3,0, Done, dt, 31.568205799999987
538.0,Elevator call,537.7866884,-1,6,1,0, got allocated to elevator, 0
538.0,Elev,0,  arrived at src, -1, Elevator call,537.7866884,-1,6,2,0
538.0, elevID,0,  pos,-1,  cmd, goto,6
542.0,Elev,1,  arrived at src, 3, Elevator call,529.6277472,3,-1,2,1
542.0, elevID,1,  pos,3,  cmd, goto,-1
545.0,Elevator call,544.7880392,6,-1,1,1, got allocated to elevator, 1
554.0,Elev,1,  arrived at dest, -1, this call is done!, Elevator call,500.3712045,8,-1,3,1, Done, dt, 53.628795500000024
554.0,Elev,1,  arrived at dest, -1, this call is done!, Elevator call,503.1384784,1,-1,3,1, Done, dt, 50.8615216
554.0,Elev,1,  arrived at dest, -1, this call is done!, Elevator call,529.6277472,3,-1,3,1, Done, dt, 24.372252799999956
554.0, elevID,1,  pos,-1,  cmd, goto,6
555.0,Elevator call,554.0892923,4,0,1,1, got allocated to elevator, 1
555.0,Elev,0,  arrived at dest, 6, this call is done!, Elevator call,537.7866884,-1,6,3,0, Done, dt, 17.213311599999997
555.0, elevID,1,  pos,-1,  cmd, stop,4
558.0,Elevator call,557.244139,10,0,1,0, got allocated to elevator, 0
558.0, elevID,0,  pos,6,  cmd, goto,10
566.0,Elevator call,565.0195522,0,-1,1,1, got allocated to elevator, 1
567.0,Elev,1,  arrived at src, 4, Elevator call,554.0892923,4,0,2,1
567.0, elevID,1,  pos,4,  cmd, goto,6
572.0,Elev,0,  arrived at src, 10, Elevator call,557.244139,10,0,2,0
572.0, elevID,0,  pos,10,  cmd, goto,0
578.0,Elev,1,  arrived at src, 6, Elevator call,544.7880392,6,-1,2,1
578.0, elevID,1,  pos,6,  cmd, goto,0
582.0,Elevator call,581.870309,0,3,1,0, got allocated to elevator, 0
591.0,Elev,1,  arrived at dest, 0, this call is done!, Elevator call,554.0892923,4,0,3,1, Done, dt, 36.91070769999999
591.0,Elev,1,  arrived at src, 0, Elevator call,565.0195522,0,-1,2,1
591.0, elevID,1,  pos,0,  cmd, goto,-1
592.0,Elev,0,  arrived at dest, 0, this call is done!, Elevator call,557.244139,10,0,3,0, Done, dt, 34.75586099999998
592.0,Elev,0,  arrived at src, 0, Elevator call,581.870309,0,3,2,0
592.0, elevID,0,  pos,0,  cmd, goto,3
597.0,Elevator call,596.1232023,8,0,1,1, got allocated to elevator, 1
601.0,Elevator call,600.931288,1,0,1,1, got allocated to elevator, 1
602.0,Elev,1,  arrived at dest, -1, this call is done!, Elevator call,544.7880392,6,-1,3,1, Done, dt, 57.21196080000004
602.0,Elev,1,  arrived at dest, -1, this call is done!, Elevator call,565.0195522,0,-1,3,1, Done, dt, 36.98044779999998
602.0, elevID,1,  pos,-1,  cmd, goto,1
604.0,Elevator call,603.9342327,7,0,1,1, got allocated to elevator, 1
605.0,Elev,0,  arrived at dest, 3, this call is done!, Elevator call,581.870309,0,3,3,0, Done, dt, 23.12969099999998
613.0,Elev,1,  arrived at src, 1, Elevator call,600.931288,1,0,2,1
613.0, elevID,1,  pos,1,  cmd, goto,7
618.0,Elevator call,617.9628339,0,3,1,0, got allocated to elevator, 0
618.0, elevID,0,  pos,3,  cmd, goto,0
620.0,Elevator call,619.6454197,9,0,1,0, got allocated to elevator, 0
626.0,Elev,1,  arrived at src, 7, Elevator call,603.9342327,7,0,2,1
626.0, elevID,1,  pos,7,  cmd, goto,8
627.0,Elevator call,626.2116172,0,1,1,1, got allocated to elevator, 1
631.0,Elev,0,  arrived at src, 0, Elevator call,617.9628339,0,3,2,0
631.0, elevID,0,  pos,0,  cmd, goto,3
637.0,Elev,1,  arrived at src, 8, Elevator call,596.1232023,8,0,2,1
637.0, elevID,1,  pos,8,  cmd, goto,0
644.0,Elevator call,643.8547515,-1,2,1,0, got allocated to elevator, 0
644.0,Elev,0,  arrived at dest, 3, this call is done!, Elevator call,617.9628339,0,3,3,0, Done, dt, 26.037166100000036
644.0, elevID,0,  pos,3,  cmd, goto,9
651.0,Elev,1,  arrived at dest, 0, this call is done!, Elevator call,596.1232023,8,0,3,1, Done, dt, 54.8767977
651.0,Elev,1,  arrived at dest, 0, this call is done!, Elevator call,600.931288,1,0,3,1, Done, dt, 50.068712000000005
651.0,Elev,1,  arrived at dest, 0, this call is done!, Elevator call,603.9342327,7,0,3,1, Done, dt, 47.06576729999995
651.0,Elev,1,  arrived at src, 0, Elevator call,626.2116172,0,1,2,1
651.0, elevID,1,  pos,0,  cmd, goto,1
660.0,Elev,0,  arrived at src, 9, Elevator call,619.6454197,9,0,2,0
660.0, elevID,0,  pos,9,  cmd, goto,0
661.0,Elevator call,660.0732908,6,10,1,1, got allocated to elevator, 1
662.0,Elevator call,661.042082,-1,3,1,0, got allocated to elevator, 0
662.0,Elev,1,  arrived at dest, 1, this call is done!, Elevator call,626.2116172,0,1,3,1, Done, dt, 35.78838280000002
662.0, elevID,1,  pos,1,  cmd, goto,6
663.0,Elevator call,662.1730528,-1,5,1,1, got allocated to elevator, 1
666.0,Elevator call,665.1155549,-1,8,1,0, got allocated to elevator, 0
667.0,Elevator call,666.0340295,4,0,1,1, got allocated to elevator, 1
667.0,Elevator call,666.2411587,5,-1,1,0, got allocated to elevator, 0
, elevID,0,  pos,7,  cmd, stop,5
667.0, elevID,1,  pos,1,  cmd, stop,4
673.0,Elevator call,672.6773142,0,-1,1,0, got allocated to elevator, 0
674.0,Elev,0,  arrived at src, 5, Elevator call,666.2411587,5,-1,2,0
674.0, elevID,0,  pos,5,  cmd, goto,0
674.0,Elev,1,  arrived at src, 4, Elevator call,666.0340295,4,0,2,1
674.0, elevID,1,  pos,4,  cmd, goto,6
678.0,Elevator call,677.7341948,0,-1,1,0, got allocated to elevator, 0
679.0,Elevator call,678.9953585,-1,-2,1,1, got allocated to elevator, 1
685.0,Elev,1,  arrived at src, 6, Elevator call,660.0732908,6,10,2,1
685.0, elevID,1,  pos,6,  cmd, goto,10
689.0,Elev,0,  arrived at dest, 0, this call is done!, Elevator call,619.6454197,9,0,3,0, Done, dt, 69.35458029999995
689.0,Elev,0,  arrived at src, 0, Elevator call,672.6773142,0,-1,2,0
689.0,Elev,0,  arrived at src, 0, Elevator call,677.7341948,0,-1,2,0
689.0, elevID,0,  pos,0,  cmd, goto,-1
696.0,Elevator call,695.2239882,0,10,1,0, got allocated to elevator, 0
697.0,Elev,1,  arrived at dest, 10, this call is done!, Elevator call,660.0732908,6,10,3,1, Done, dt, 36.926709200000005
697.0, elevID,1,  pos,10,  cmd, goto,0
700.0,Elev,0,  arrived at src, -1, Elevator call,643.8547515,-1,2,2,0
700.0,Elev,0,  arrived at src, -1, Elevator call,661.042082,-1,3,2,0
700.0,Elev,0,  arrived at src, -1, Elevator call,665.1155549,-1,8,2,0
700.0,Elev,0,  arrived at dest, -1, this call is done!, Elevator call,666.2411587,5,-1,3,0, Done, dt, 33.75884129999997
700.0,Elev,0,  arrived at dest, -1, this call is done!, Elevator call,672.6773142,0,-1,3,0, Done, dt, 27.322685800000045
700.0,Elev,0,  arrived at dest, -1, this call is done!, Elevator call,677.7341948,0,-1,3,0, Done, dt, 22.265805200000045
700.0, elevID,0,  pos,-1,  cmd, goto,0
707.0,Elevator call,706.1583475,-1,-2,1,1, got allocated to elevator, 1
711.0,Elevator call,710.324977,0,1,1,1, got allocated to elevator, 1
711.0,Elev,0,  arrived at src, 0, Elevator call,695.2239882,0,10,2,0
711.0, elevID,0,  pos,0,  cmd, goto,2
712.0,Elev,1,  arrived at dest, 0, this call is done!, Elevator call,666.0340295,4,0,3,1, Done, dt, 45.965970500000026
712.0,Elev,1,  arrived at src, 0, Elevator call,710.324977,0,1,2,1
712.0, elevID,1,  pos,0,  cmd, goto,-1
714.0,Elevator call,713.0191971,1,0,1,1, got allocated to elevator, 1
714.0,Elevator call,713.2499766,10,-1,1,1, got allocated to elevator, 1
723.0,Elevator call,722.6161213,10,0,1,1, got allocated to elevator, 1
723.0,Elev,0,  arrived at dest, 2, this call is done!, Elevator call,643.8547515,-1,2,3,0, Done, dt, 79.14524849999998
723.0, elevID,0,  pos,2,  cmd, goto,3
723.0,Elev,1,  arrived at src, -1, Elevator call,662.1730528,-1,5,2,1
723.0,Elev,1,  arrived at src, -1, Elevator call,678.9953585,-1,-2,2,1
723.0,Elev,1,  arrived at src, -1, Elevator call,706.1583475,-1,-2,2,1
723.0, elevID,1,  pos,-1,  cmd, goto,-2
728.0,Elevator call,727.5146029,-1,0,1,0, got allocated to elevator, 0
733.0,Elevator call,732.9746341,6,-1,1,1, got allocated to elevator, 1
734.0,Elev,0,  arrived at dest, 3, this call is done!, Elevator call,661.042082,-1,3,3,0, Done, dt, 72.95791799999995
734.0, elevID,0,  pos,3,  cmd, goto,8
734.0,Elev,1,  arrived at dest, -2, this call is done!, Elevator call,678.9953585,-1,-2,3,1, Done, dt, 55.00464150000005
734.0,Elev,1,  arrived at dest, -2, this call is done!, Elevator call,706.1583475,-1,-2,3,1, Done, dt, 27.84165250000001
734.0, elevID,1,  pos,-2,  cmd, goto,1
738.0,Elevator call,737.3147202,1,0,1,1, got allocated to elevator, 1
746.0,Elev,1,  arrived at dest, 1, this call is done!, Elevator call,710.324977,0,1,3,1, Done, dt, 35.67502300000001
746.0,Elev,1,  arrived at src, 1, Elevator call,713.0191971,1,0,2,1
746.0,Elev,1,  arrived at src, 1, Elevator call,737.3147202,1,0,2,1
746.0, elevID,1,  pos,1,  cmd, goto,5
749.0,Elev,0,  arrived at dest, 8, this call is done!, Elevator call,665.1155549,-1,8,3,0, Done, dt, 83.8844451
749.0, elevID,0,  pos,8,  cmd, goto,10
758.0,Elev,1,  arrived at dest, 5, this call is done!, Elevator call,662.1730528,-1,5,3,1, Done, dt, 95.82694719999995
758.0, elevID,1,  pos,5,  cmd, goto,6
761.0,Elev,0,  arrived at dest, 10, this call is done!, Elevator call,695.2239882,0,10,3,0, Done, dt, 65.77601179999999
761.0, elevID,0,  pos,10,  cmd, goto,-1
769.0,Elev,1,  arrived at src, 6, Elevator call,732.9746341,6,-1,2,1
769.0, elevID,1,  pos,6,  cmd, goto,10
780.0,Elevator call,779.3996914,-1,5,1,0, got allocated to elevator, 0
781.0,Elev,1,  arrived at src, 10, Elevator call,713.2499766,10,-1,2,1
781.0,Elev,1,  arrived at src, 10, Elevator call,722.6161213,10,0,2,1
781.0, elevID,1,  pos,10,  cmd, goto,0
782.0,Elev,0,  arrived at src, -1, Elevator call,727.5146029,-1,0,2,0
782.0,Elev,0,  arrived at src, -1, Elevator call,779.3996914,-1,5,2,0
782.0, elevID,0,  pos,-1,  cmd, goto,0
793.0,Elev,0,  arrived at dest, 0, this call is done!, Elevator call,727.5146029,-1,0,3,0, Done, dt, 65.4853971
793.0, elevID,0,  pos,0,  cmd, goto,5
796.0,Elev,1,  arrived at dest, 0, this call is done!, Elevator call,713.0191971,1,0,3,1, Done, dt, 82.98080289999996
796.0,Elev,1,  arrived at dest, 0, this call is done!, Elevator call,722.6161213,10,0,3,1, Done, dt, 73.38387869999997
796.0,Elev,1,  arrived at dest, 0, this call is done!, Elevator call,737.3147202,1,0,3,1, Done, dt, 58.68527979999999
796.0, elevID,1,  pos,0,  cmd, goto,-1
806.0,Elevator call,805.6754743,-1,-2,1,1, got allocated to elevator, 1
807.0,Elev,1,  arrived at dest, -1, this call is done!, Elevator call,713.2499766,10,-1,3,1, Done, dt, 93.75002340000003
807.0,Elev,1,  arrived at dest, -1, this call is done!, Elevator call,732.9746341,6,-1,3,1, Done, dt, 74.0253659
807.0,Elev,1,  arrived at src, -1, Elevator call,805.6754743,-1,-2,2,1
807.0, elevID,1,  pos,-1,  cmd, goto,-2
808.0,Elev,0,  arrived at dest, 5, this call is done!, Elevator call,779.3996914,-1,5,3,0, Done, dt, 28.60030859999995
811.0,Elevator call,810.4469089,2,0,1,1, got allocated to elevator, 1
817.0,Elevator call,816.1516998,7,-1,1,1, got allocated to elevator, 1
818.0,Elev,1,  arrived at dest, -2, this call is done!, Elevator call,805.6754743,-1,-2,3,1, Done, dt, 12.324525699999981
818.0, elevID,1,  pos,-2,  cmd, goto,2
826.0,Elevator call,825.4575185,7,0,1,1, got allocated to elevator, 1
830.0,Elev,1,  arrived at src, 2, Elevator call,810.4469089,2,0,2,1
830.0, elevID,1,  pos,2,  cmd, goto,7
840.0,Elevator call,839.8525653,0,1,1,0, got allocated to elevator, 0
840.0, elevID,0,  pos,5,  cmd, goto,0
843.0,Elev,1,  arrived at src, 7, Elevator call,816.1516998,7,-1,2,1
843.0,Elev,1,  arrived at src, 7, Elevator call,825.4575185,7,0,2,1
843.0, elevID,1,  pos,7,  cmd, goto,0
855.0,Elevator call,854.2002278,6,-1,1,0, got allocated to elevator, 0
855.0,Elev,0,  arrived at src, 0, Elevator call,839.8525653,0,1,2,0
855.0, elevID,0,  pos,0,  cmd, goto,1
857.0,Elev,1,  arrived at dest, 0, this call is done!, Elevator call,810.4469089,2,0,3,1, Done, dt, 46.55309109999996
857.0,Elev,1,  arrived at dest, 0, this call is done!, Elevator call,825.4575185,7,0,3,1, Done, dt, 31.542481500000008
857.0, elevID,1,  pos,0,  cmd, goto,-1
864.0,Elevator call,863.8932913,0,-1,1,0, got allocated to elevator, 0
866.0,Elev,0,  arrived at dest, 1, this call is done!, Elevator call,839.8525653,0,1,3,0, Done, dt, 26.147434699999963
866.0, elevID,0,  pos,1,  cmd, goto,6
868.0,Elev,1,  arrived at dest, -1, this call is done!, Elevator call,816.1516998,7,-1,3,1, Done, dt, 51.84830020000004
871.0,Elevator call,870.5053024,0,7,1,1, got allocated to elevator, 1
871.0, elevID,1,  pos,-1,  cmd, goto,0
881.0,Elev,0,  arrived at src, 6, Elevator call,854.2002278,6,-1,2,0
881.0, elevID,0,  pos,6,  cmd, goto,0
882.0,Elev,1,  arrived at src, 0, Elevator call,870.5053024,0,7,2,1
882.0, elevID,1,  pos,0,  cmd, goto,7
887.0,Elevator call,886.5649993,-1,-2,1,1, got allocated to elevator, 1
893.0,Elevator call,892.5212151,9,-1,1,1, got allocated to elevator, 1
896.0,Elev,1,  arrived at dest, 7, this call is done!, Elevator call,870.5053024,0,7,3,1, Done, dt, 25.494697599999995
896.0, elevID,1,  pos,7,  cmd, goto,9
897.0,Elev,0,  arrived at src, 0, Elevator call,863.8932913,0,-1,2,0
897.0, elevID,0,  pos,0,  cmd, goto,-1
907.0,Elev,1,  arrived at src, 9, Elevator call,892.5212151,9,-1,2,1
907.0, elevID,1,  pos,9,  cmd, goto,-1
908.0,Elev,0,  arrived at dest, -1, this call is done!, Elevator call,854.2002278,6,-1,3,0, Done, dt, 53.79977220000001
908.0,Elev,0,  arrived at dest, -1, this call is done!, Elevator call,863.8932913,0,-1,3,0, Done, dt, 44.10670870000001
911.0,Elevator call,910.5388559,6,5,1,1, got allocated to elevator, 1
, elevID,1,  pos,9,  cmd, stop,6
916.0,Elevator call,915.9490575,4,-1,1,1, got allocated to elevator, 1
919.0,Elev,1,  arrived at src, 6, Elevator call,910.5388559,6,5,2,1
919.0, elevID,1,  pos,6,  cmd, goto,5
930.0,Elev,1,  arrived at dest, 5, this call is done!, Elevator call,910.5388559,6,5,3,1, Done, dt, 19.461144099999956
930.0, elevID,1,  pos,5,  cmd, goto,4
934.0,Elevator call,933.8580452,7,5,1,1, got allocated to elevator, 1
941.0,Elev,1,  arrived at src, 4, Elevator call,915.9490575,4,-1,2,1
941.0, elevID,1,  pos,4,  cmd, goto,-1
954.0,Elev,1,  arrived at src, -1, Elevator call,886.5649993,-1,-2,2,1
954.0,Elev,1,  arrived at dest, -1, this call is done!, Elevator call,892.5212151,9,-1,3,1, Done, dt, 61.47878490000005
954.0,Elev,1,  arrived at dest, -1, this call is done!, Elevator call,915.9490575,4,-1,3,1, Done, dt, 38.05094250000002
954.0, elevID,1,  pos,-1,  cmd, goto,-2
962.0,Elevator call,961.6862856,6,-1,1,0, got allocated to elevator, 0
962.0, elevID,0,  pos,-1,  cmd, goto,6
965.0,Elev,1,  arrived at dest, -2, this call is done!, Elevator call,886.5649993,-1,-2,3,1, Done, dt, 78.43500070000005
965.0, elevID,1,  pos,-2,  cmd, goto,7
973.0,Elevator call,972.8032126,1,0,1,0, got allocated to elevator, 0
976.0,Elevator call,975.8361203,0,-1,1,0, got allocated to elevator, 0
979.0,Elevator call,978.5925149,10,0,1,1, got allocated to elevator, 1
979.0,Elevator call,978.6210501,10,-1,1,1, got allocated to elevator, 1
979.0,Elev,0,  arrived at src, 6, Elevator call,961.6862856,6,-1,2,0
979.0, elevID,0,  pos,6,  cmd, goto,1
980.0,Elev,1,  arrived at src, 7, Elevator call,933.8580452,7,5,2,1
980.0, elevID,1,  pos,7,  cmd, goto,10
985.0,Elevator call,984.1840186,7,0,1,1, got allocated to elevator, 1
985.0, elevID,1,  pos,7,  cmd, stop,7
990.0,Elev,1,  arrived at src, 7, Elevator call,984.1840186,7,0,2,1
990.0, elevID,1,  pos,7,  cmd, goto,10
994.0,Elev,0,  arrived at src, 1, Elevator call,972.8032126,1,0,2,0
994.0, elevID,0,  pos,1,  cmd, goto,0
1002.0,Elev,1,  arrived at src, 10, Elevator call,978.5925149,10,0,2,1
1002.0,Elev,1,  arrived at src, 10, Elevator call,978.6210501,10,-1,2,1
1002.0, elevID,1,  pos,10,  cmd, goto,5
1005.0,Elev,0,  arrived at dest, 0, this call is done!, Elevator call,972.8032126,1,0,3,0, Done, dt, 32.19678739999995
1005.0,Elev,0,  arrived at src, 0, Elevator call,975.8361203,0,-1,2,0
1005.0, elevID,0,  pos,0,  cmd, goto,-1
1015.0,Elev,1,  arrived at dest, 5, this call is done!, Elevator call,933.8580452,7,5,3,1, Done, dt, 81.14195480000001
1015.0, elevID,1,  pos,5,  cmd, goto,0
1016.0,Elev,0,  arrived at dest, -1, this call is done!, Elevator call,961.6862856,6,-1,3,0, Done, dt, 54.31371439999998
1016.0,Elev,0,  arrived at dest, -1, this call is done!, Elevator call,975.8361203,0,-1,3,0, Done, dt, 40.16387970000005
1028.0,Elev,1,  arrived at dest, 0, this call is done!, Elevator call,978.5925149,10,0,3,1, Done, dt, 49.40748510000003
1028.0,Elev,1,  arrived at dest, 0, this call is done!, Elevator call,984.1840186,7,0,3,1, Done, dt, 43.815981400000055
1028.0, elevID,1,  pos,0,  cmd, goto,-1
1039.0,Elev,1,  arrived at dest, -1, this call is done!, Elevator call,978.6210501,10,-1,3,1, Done, dt, 60.37894989999995
1040.0,************* Simulation Ended ************
Code Owners,101309018,150180900,  Building_file,B2.json,  Calls,Building2calls_a.csv
Total waiting time: 4614.0,  average waiting time per call: 46.14,  unCompleted calls,0,  certificate, -72606884
